<?xml version="1.0" encoding="UTF-8"?>
<!-- Generated by org.testng.reporters.JUnitXMLReporter -->
<testsuite ignored="0" hostname="DESKTOP-9G4QP39" failures="0" tests="3" name="Default test" time="15.117" errors="0" timestamp="2023-06-15T20:52:54 CEST">
  <testcase classname="automaticTest.Login" name="loginWithInvalidCredentials" time="4.074"/>
  <testcase classname="automaticTest.Login" name="loginWithValidMail" time="2.205"/>
  <testcase classname="automaticTest.Login" name="loginWithValidUsername" time="1.306"/>
</testsuite> <!-- Default test -->
